app/build/outputs/logs/manifest-merger-release-report.txt
-- Merging decision tree log ---
manifest
ADDED from AndroidManifest.xml:2:1
	xmlns:android
		ADDED from AndroidManifest.xml:2:11
	package
		ADDED from AndroidManifest.xml:3:3
		INJECTED from AndroidManifest.xml:0:0
		INJECTED from AndroidManifest.xml:0:0
	android:versionName
		INJECTED from AndroidManifest.xml:0:0
		INJECTED from AndroidManifest.xml:0:0
	android:versionCode
		INJECTED from AndroidManifest.xml:0:0
		INJECTED from AndroidManifest.xml:0:0
uses-permission#com.google.android.providers.gsf.permission.READ_GSERVICES
ADDED from AndroidManifest.xml:4:5
	android:name
		ADDED from AndroidManifest.xml:4:22
uses-permission#android.permission.ACCESS_COARSE_LOCATION
ADDED from AndroidManifest.xml:6:5
	android:name
		ADDED from AndroidManifest.xml:6:22
uses-permission#android.permission.ACCESS_FINE_LOCATION
ADDED from AndroidManifest.xml:7:5
	android:name
		ADDED from AndroidManifest.xml:7:22
uses-permission#android.permission.ACCESS_WIFI_STATE
ADDED from AndroidManifest.xml:8:5
	android:name
		ADDED from AndroidManifest.xml:8:22
uses-permission#android.permission.ACCESS_NETWORK_STATE
ADDED from AndroidManifest.xml:9:5
	android:name
		ADDED from AndroidManifest.xml:9:22
uses-permission#android.permission.INTERNET
ADDED from AndroidManifest.xml:10:5
	android:name
		ADDED from AndroidManifest.xml:10:22
uses-permission#android.permission.WRITE_EXTERNAL_STORAGE
ADDED from AndroidManifest.xml:11:5
	android:name
		ADDED from AndroidManifest.xml:11:22
uses-permission#android.permission.RECEIVE_BOOT_COMPLETED
ADDED from AndroidManifest.xml:12:5
	android:name
		ADDED from AndroidManifest.xml:12:22
uses-permission#android.permission.MANAGE_ACCOUNTS
ADDED from AndroidManifest.xml:13:5
	android:name
		ADDED from AndroidManifest.xml:13:22
uses-permission#android.permission.GET_ACCOUNTS
ADDED from AndroidManifest.xml:14:5
	android:name
		ADDED from AndroidManifest.xml:14:22
uses-permission#android.permission.USE_CREDENTIALS
ADDED from AndroidManifest.xml:15:5
	android:name
		ADDED from AndroidManifest.xml:15:22
uses-feature#0x00020000
ADDED from AndroidManifest.xml:18:5
	android:required
		ADDED from AndroidManifest.xml:20:13
	android:glEsVersion
		ADDED from AndroidManifest.xml:19:13
application
ADDED from AndroidManifest.xml:22:3
MERGED from com.android.support:appcompat-v7:21.0.0:16:5
MERGED from com.android.support:support-v4:21.0.3:16:5
MERGED from com.google.android.gms:play-services:6.5.87:20:5
MERGED from com.android.support:support-v4:21.0.3:16:5
MERGED from com.jpardogo.materialtabstrip:library:1.0.9:9:5
MERGED from com.android.support:support-v4:21.0.3:16:5
	android:label
		ADDED from AndroidManifest.xml:22:53
	android:icon
		ADDED from AndroidManifest.xml:22:16
	android:theme
		ADDED from AndroidManifest.xml:22:86
	android:name
		ADDED from AndroidManifest.xml:22:118
activity#org.chai.activities.LoginActivity
ADDED from AndroidManifest.xml:23:5
	android:label
		ADDED from AndroidManifest.xml:26:9
	android:configChanges
		ADDED from AndroidManifest.xml:25:9
	android:name
		ADDED from AndroidManifest.xml:24:9
intent-filter#android.intent.action.MAIN+android.intent.category.LAUNCHER
ADDED from AndroidManifest.xml:27:9
action#android.intent.action.MAIN
ADDED from AndroidManifest.xml:28:13
	android:name
		ADDED from AndroidManifest.xml:28:21
category#android.intent.category.LAUNCHER
ADDED from AndroidManifest.xml:29:13
	android:name
		ADDED from AndroidManifest.xml:29:23
activity#org.chai.activities.forms.MalariaFormActivity
ADDED from AndroidManifest.xml:32:7
	android:label
		ADDED from AndroidManifest.xml:32:149
	android:configChanges
		ADDED from AndroidManifest.xml:32:70
	android:theme
		ADDED from AndroidManifest.xml:32:117
	android:name
		ADDED from AndroidManifest.xml:32:17
activity#org.chai.activities.tasks.DiarrheaFormActivity
ADDED from AndroidManifest.xml:36:7
	android:label
		ADDED from AndroidManifest.xml:36:150
	android:configChanges
		ADDED from AndroidManifest.xml:36:71
	android:theme
		ADDED from AndroidManifest.xml:36:118
	android:name
		ADDED from AndroidManifest.xml:36:17
activity#org.chai.activities.tasks.SalesFormActivity
ADDED from AndroidManifest.xml:40:7
	android:label
		ADDED from AndroidManifest.xml:40:147
	android:configChanges
		ADDED from AndroidManifest.xml:40:68
	android:theme
		ADDED from AndroidManifest.xml:40:115
	android:name
		ADDED from AndroidManifest.xml:40:17
activity#org.chai.activities.BlankActivity
ADDED from AndroidManifest.xml:44:7
	android:configChanges
		ADDED from AndroidManifest.xml:44:58
	android:name
		ADDED from AndroidManifest.xml:44:17
activity#org.chai.activities.HomeActivity
ADDED from AndroidManifest.xml:47:7
	android:configChanges
		ADDED from AndroidManifest.xml:47:57
	android:name
		ADDED from AndroidManifest.xml:47:17
activity#org.chai.activities.customer.CustomersActivity
ADDED from AndroidManifest.xml:50:7
	android:label
		ADDED from AndroidManifest.xml:50:71
	android:name
		ADDED from AndroidManifest.xml:50:17
activity#org.chai.activities.calls.HistoryActivity
ADDED from AndroidManifest.xml:53:7
	android:label
		ADDED from AndroidManifest.xml:53:66
	android:name
		ADDED from AndroidManifest.xml:53:17
activity#org.chai.activities.tasks.NewOrderActivity
ADDED from AndroidManifest.xml:55:7
	android:label
		ADDED from AndroidManifest.xml:55:67
	android:name
		ADDED from AndroidManifest.xml:55:17
activity#org.chai.reports.ReportsActivity
ADDED from AndroidManifest.xml:57:7
	android:label
		ADDED from AndroidManifest.xml:57:57
	android:name
		ADDED from AndroidManifest.xml:57:17
activity#org.chai.activities.ProductsActivity
ADDED from AndroidManifest.xml:60:7
	android:label
		ADDED from AndroidManifest.xml:60:61
	android:name
		ADDED from AndroidManifest.xml:60:17
activity#org.chai.activities.customer.AddNewCustomerActivity
ADDED from AndroidManifest.xml:63:7
	android:label
		ADDED from AndroidManifest.xml:63:76
	android:name
		ADDED from AndroidManifest.xml:63:17
meta-data#com.google.android.maps.v2.API_KEY
ADDED from AndroidManifest.xml:66:7
	android:name
		ADDED from AndroidManifest.xml:66:18
	android:value
		ADDED from AndroidManifest.xml:66:68
meta-data#com.google.android.gms.version
ADDED from AndroidManifest.xml:67:7
MERGED from com.google.android.gms:play-services:6.5.87:21:9
	android:name
		ADDED from AndroidManifest.xml:67:18
	android:value
		ADDED from AndroidManifest.xml:67:64
receiver#org.chai.sync.BootAndUpdateReceiver
ADDED from AndroidManifest.xml:69:7
	android:name
		ADDED from AndroidManifest.xml:69:17
intent-filter#android.intent.action.BOOT_COMPLETED
ADDED from AndroidManifest.xml:70:11
action#android.intent.action.BOOT_COMPLETED
ADDED from AndroidManifest.xml:71:15
	android:name
		ADDED from AndroidManifest.xml:71:23
service#org.chai.sync.CHAISynchroniser
ADDED from AndroidManifest.xml:75:7
	android:name
		ADDED from AndroidManifest.xml:75:16
uses-sdk
INJECTED from AndroidManifest.xml:0:0 reason: use-sdk injection requested
MERGED from com.android.support:appcompat-v7:21.0.0:15:5
MERGED from com.android.support:support-v4:21.0.3:15:5
MERGED from com.google.android.gms:play-services:6.5.87:18:5
MERGED from com.android.support:support-v4:21.0.3:15:5
MERGED from com.jpardogo.materialtabstrip:library:1.0.9:5:5
MERGED from com.android.support:support-v4:21.0.3:15:5
MERGED from me.relex:circleindicator:1.1.2:8:5
MERGED from com.daimajia.easing:library:1.0.1:8:5
MERGED from com.daimajia.androidanimations:library:1.1.3:8:5
MERGED from com.makeramen:roundedimageview:1.5.0:7:5
	android:targetSdkVersion
		INJECTED from AndroidManifest.xml:0:0
		INJECTED from AndroidManifest.xml:0:0
	android:minSdkVersion
		INJECTED from AndroidManifest.xml:0:0
		INJECTED from AndroidManifest.xml:0:0